GeoSys-OUT: Output ------------------------------------------------
#OUTPUT
 $PCS_TYPE
   DEFORMATION_FLOW
 $NOD_VALUES
   STRAIN_PLS
   PRESSURE1   
   DISPLACEMENT_X1
   DISPLACEMENT_Y1
   DISPLACEMENT_Z1
   STRESS_XX
   STRESS_XY
   STRESS_XZ
   STRESS_YY
   STRESS_YZ
   STRESS_ZZ
   STRAIN_XX
   STRAIN_XY
   STRAIN_XZ
   STRAIN_YY
   STRAIN_YZ
   STRAIN_ZZ
   VELOCITY_X1
   VELOCITY_Y1
   VELOCITY_Z1
 $GEO_TYPE
   DOMAIN 
 $DAT_TYPE
   PVD
 $TIM_TYPE
   STEPS 25
#OUTPUT
 $NOD_VALUES
   STRAIN_PLS
   PRESSURE1
   STRESS_XX
   STRESS_YY
   STRESS_ZZ
   STRESS_XY
   STRESS_XZ
   STRESS_YZ
   VELOCITY_X1
   VELOCITY_Y1
   VELOCITY_Z1
   DISPLACEMENT_X1
   DISPLACEMENT_Y1
   DISPLACEMENT_Z1
 $GEO_TYPE
   POINT INJ_POINT_OFFFAULT
 $DAT_TYPE
   TECPLOT
 $TIM_TYPE
   STEPS 1 
#OUTPUT
 $NOD_VALUES
   STRAIN_PLS
   VELOCITY_X1
   VELOCITY_Y1
   VELOCITY_Z1 
   DISPLACEMENT_X1
   DISPLACEMENT_Y1
   DISPLACEMENT_Z1
   PRESSURE1   
   STRESS_XX
   STRESS_YY
   STRESS_ZZ
   STRESS_XY
   STRESS_XZ
   STRESS_YZ
  $GEO_TYPE
   POINT AW2
  $DAT_TYPE
   TECPLOT
  $TIM_TYPE
   STEPS 1
#OUTPUT
  $NOD_VALUES
   STRAIN_PLS
   PRESSURE1
   STRESS_XX
   STRESS_YY
   STRESS_ZZ
   STRESS_XY
   STRESS_XZ
   STRESS_YZ
   VELOCITY_X1
   VELOCITY_Y1
   VELOCITY_Z1
   DISPLACEMENT_X1
   DISPLACEMENT_Y1
   DISPLACEMENT_Z1
  $GEO_TYPE
   POINT ANCHOR_BOT
  $DAT_TYPE
   TECPLOT
  $TIM_TYPE
   STEPS 1
#OUTPUT
  $NOD_VALUES
   STRAIN_PLS
   PRESSURE1
   STRESS_XX
   STRESS_YY
   STRESS_ZZ
   STRESS_XY
   STRESS_XZ
   STRESS_YZ
   VELOCITY_X1
   VELOCITY_Y1
   VELOCITY_Z1
   DISPLACEMENT_X1
   DISPLACEMENT_Y1
   DISPLACEMENT_Z1
  $GEO_TYPE
   POINT ANCHOR_TOP
  $DAT_TYPE
   TECPLOT
  $TIM_TYPE
   STEPS 1
#OUTPUT
  $NOD_VALUES
   STRAIN_PLS
   PRESSURE1
   STRESS_XX
   STRESS_YY
   STRESS_ZZ
   STRESS_XY
   STRESS_XZ
   STRESS_YZ
   VELOCITY_X1
   VELOCITY_Y1
   VELOCITY_Z1
   DISPLACEMENT_X1
   DISPLACEMENT_Y1
   DISPLACEMENT_Z1
  $GEO_TYPE
   POINT MONITORING2
 $DAT_TYPE
   TECPLOT
 $TIM_TYPE
   STEPS 1
#OUTPUT
 $NOD_VALUES
   STRAIN_PLS
   VELOCITY_X1
   VELOCITY_Y1
   VELOCITY_Z1   
   DISPLACEMENT_X1
   DISPLACEMENT_Y1
   DISPLACEMENT_Z1
   PRESSURE1   
   STRESS_XX
   STRESS_YY
   STRESS_ZZ
 $GEO_TYPE   
   POINT INJ_POINT
 $DAT_TYPE
   TECPLOT
 $TIM_TYPE
   STEPS 1 
#OUTPUT
 $NOD_VALUES
   STRAIN_PLS
   PRESSURE1
   STRESS_XX
   STRESS_YY
   STRESS_ZZ
   STRESS_XY
   STRESS_XZ
   STRESS_YZ
   VELOCITY_X1
   VELOCITY_Y1
   VELOCITY_Z1
   DISPLACEMENT_X1
   DISPLACEMENT_Y1
   DISPLACEMENT_Z1
 $GEO_TYPE
   POINT INJ_POINT_OFFFAULT
 $DAT_TYPE
   TECPLOT
 $TIM_TYPE
   STEPS 1    
#STOP


#OUTPUT
$NOD_VALUES
   STRAIN_PLS
   PRESSURE1
   STRESS_XX
   STRESS_YY
   STRESS_ZZ
   STRESS_XY
   STRESS_XZ
   STRESS_YZ
   VELOCITY_X1
   VELOCITY_Y1
   VELOCITY_Z1
   DISPLACEMENT_X1
   DISPLACEMENT_Y1
   DISPLACEMENT_Z1
$GEO_TYPE
   POINT DIPZ_0
$DAT_TYPE
   TECPLOT
$TIM_TYPE
   STEPS 1
#OUTPUT
$NOD_VALUES
   STRAIN_PLS
   PRESSURE1
   STRESS_XX
   STRESS_YY
   STRESS_ZZ
   STRESS_XY
   STRESS_XZ
   STRESS_YZ
   VELOCITY_X1
   VELOCITY_Y1
   VELOCITY_Z1
   DISPLACEMENT_X1
   DISPLACEMENT_Y1
   DISPLACEMENT_Z1
$GEO_TYPE
   POINT DIPZ_1
$DAT_TYPE
   TECPLOT
$TIM_TYPE
   STEPS 1
#OUTPUT
$NOD_VALUES
   STRAIN_PLS
   PRESSURE1
   STRESS_XX
   STRESS_YY
   STRESS_ZZ
   STRESS_XY
   STRESS_XZ
   STRESS_YZ
   VELOCITY_X1
   VELOCITY_Y1
   VELOCITY_Z1
   DISPLACEMENT_X1
   DISPLACEMENT_Y1
   DISPLACEMENT_Z1
$GEO_TYPE
   POINT DIPZ_2
$DAT_TYPE
   TECPLOT
$TIM_TYPE
   STEPS 1   
#OUTPUT
$NOD_VALUES
   STRAIN_PLS
   PRESSURE1
   STRESS_XX
   STRESS_YY
   STRESS_ZZ
   STRESS_XY
   STRESS_XZ
   STRESS_YZ
   VELOCITY_X1
   VELOCITY_Y1
   VELOCITY_Z1
   DISPLACEMENT_X1
   DISPLACEMENT_Y1
   DISPLACEMENT_Z1
$GEO_TYPE
   POINT DIPZ_3
$DAT_TYPE
   TECPLOT
$TIM_TYPE
   STEPS 1   
#OUTPUT
$NOD_VALUES
   STRAIN_PLS
   PRESSURE1
   STRESS_XX
   STRESS_YY
   STRESS_ZZ
   STRESS_XY
   STRESS_XZ
   STRESS_YZ
   VELOCITY_X1
   VELOCITY_Y1
   VELOCITY_Z1
   DISPLACEMENT_X1
   DISPLACEMENT_Y1
   DISPLACEMENT_Z1
$GEO_TYPE
   POINT DIPZ_4
$DAT_TYPE
   TECPLOT
$TIM_TYPE
   STEPS 1   
#OUTPUT
$NOD_VALUES
   STRAIN_PLS
   PRESSURE1
   STRESS_XX
   STRESS_YY
   STRESS_ZZ
   STRESS_XY
   STRESS_XZ
   STRESS_YZ
   VELOCITY_X1
   VELOCITY_Y1
   VELOCITY_Z1
   DISPLACEMENT_X1
   DISPLACEMENT_Y1
   DISPLACEMENT_Z1
$GEO_TYPE
   POINT DIPZ_5
$DAT_TYPE
   TECPLOT
$TIM_TYPE
   STEPS 1
#OUTPUT
$NOD_VALUES
   STRAIN_PLS
   PRESSURE1
   STRESS_XX
   STRESS_YY
   STRESS_ZZ
   STRESS_XY
   STRESS_XZ
   STRESS_YZ
   VELOCITY_X1
   VELOCITY_Y1
   VELOCITY_Z1
   DISPLACEMENT_X1
   DISPLACEMENT_Y1
   DISPLACEMENT_Z1
$GEO_TYPE
   POINT DIPZ_6
$DAT_TYPE
   TECPLOT
$TIM_TYPE
   STEPS 1
#OUTPUT
$NOD_VALUES
   STRAIN_PLS
   PRESSURE1
   STRESS_XX
   STRESS_YY
   STRESS_ZZ
   STRESS_XY
   STRESS_XZ
   STRESS_YZ
   VELOCITY_X1
   VELOCITY_Y1
   VELOCITY_Z1
   DISPLACEMENT_X1
   DISPLACEMENT_Y1
   DISPLACEMENT_Z1
$GEO_TYPE
   POINT DIPZ_7
$DAT_TYPE
   TECPLOT
$TIM_TYPE
   STEPS 1
#OUTPUT
$NOD_VALUES
   STRAIN_PLS
   PRESSURE1
   STRESS_XX
   STRESS_YY
   STRESS_ZZ
   STRESS_XY
   STRESS_XZ
   STRESS_YZ
   VELOCITY_X1
   VELOCITY_Y1
   VELOCITY_Z1
   DISPLACEMENT_X1
   DISPLACEMENT_Y1
   DISPLACEMENT_Z1
$GEO_TYPE
   POINT DIPZ_8
$DAT_TYPE
   TECPLOT
$TIM_TYPE
   STEPS 1
#OUTPUT
$NOD_VALUES
   STRAIN_PLS
   PRESSURE1
   STRESS_XX
   STRESS_YY
   STRESS_ZZ
   STRESS_XY
   STRESS_XZ
   STRESS_YZ
   VELOCITY_X1
   VELOCITY_Y1
   VELOCITY_Z1
   DISPLACEMENT_X1
   DISPLACEMENT_Y1
   DISPLACEMENT_Z1
$GEO_TYPE
   POINT DIPZ_9
$DAT_TYPE
   TECPLOT
$TIM_TYPE
   STEPS 1
#OUTPUT
$NOD_VALUES
   STRAIN_PLS
   PRESSURE1
   STRESS_XX
   STRESS_YY
   STRESS_ZZ
   STRESS_XY
   STRESS_XZ
   STRESS_YZ
   VELOCITY_X1
   VELOCITY_Y1
   VELOCITY_Z1
   DISPLACEMENT_X1
   DISPLACEMENT_Y1
   DISPLACEMENT_Z1
$GEO_TYPE
   POINT DIPZ_10
$DAT_TYPE
   TECPLOT
$TIM_TYPE
   STEPS 1
#OUTPUT
$NOD_VALUES
   STRAIN_PLS
   PRESSURE1
   STRESS_XX
   STRESS_YY
   STRESS_ZZ
   STRESS_XY
   STRESS_XZ
   STRESS_YZ
   VELOCITY_X1
   VELOCITY_Y1
   VELOCITY_Z1
   DISPLACEMENT_X1
   DISPLACEMENT_Y1
   DISPLACEMENT_Z1
$GEO_TYPE
   POINT DIPZ_11
$DAT_TYPE
   TECPLOT
$TIM_TYPE
   STEPS 1
#OUTPUT
$NOD_VALUES
   STRAIN_PLS
   PRESSURE1
   STRESS_XX
   STRESS_YY
   STRESS_ZZ
   STRESS_XY
   STRESS_XZ
   STRESS_YZ
   VELOCITY_X1
   VELOCITY_Y1
   VELOCITY_Z1
   DISPLACEMENT_X1
   DISPLACEMENT_Y1
   DISPLACEMENT_Z1
$GEO_TYPE
   POINT DIPZ_12
$DAT_TYPE
   TECPLOT
$TIM_TYPE
   STEPS 1
#OUTPUT
$NOD_VALUES
   STRAIN_PLS
   PRESSURE1
   STRESS_XX
   STRESS_YY
   STRESS_ZZ
   STRESS_XY
   STRESS_XZ
   STRESS_YZ
   VELOCITY_X1
   VELOCITY_Y1
   VELOCITY_Z1
   DISPLACEMENT_X1
   DISPLACEMENT_Y1
   DISPLACEMENT_Z1
$GEO_TYPE
   POINT DIPZ_13
$DAT_TYPE
   TECPLOT
$TIM_TYPE
   STEPS 1
#OUTPUT
$NOD_VALUES
   STRAIN_PLS
   PRESSURE1
   STRESS_XX
   STRESS_YY
   STRESS_ZZ
   STRESS_XY
   STRESS_XZ
   STRESS_YZ
   VELOCITY_X1
   VELOCITY_Y1
   VELOCITY_Z1
   DISPLACEMENT_X1
   DISPLACEMENT_Y1
   DISPLACEMENT_Z1
$GEO_TYPE
   POINT DIPZ_14
$DAT_TYPE
   TECPLOT
$TIM_TYPE
   STEPS 1
#OUTPUT
$NOD_VALUES
   STRAIN_PLS
   PRESSURE1
   STRESS_XX
   STRESS_YY
   STRESS_ZZ
   STRESS_XY
   STRESS_XZ
   STRESS_YZ
   VELOCITY_X1
   VELOCITY_Y1
   VELOCITY_Z1
   DISPLACEMENT_X1
   DISPLACEMENT_Y1
   DISPLACEMENT_Z1
$GEO_TYPE
   POINT DIPZ_15
$DAT_TYPE
   TECPLOT
$TIM_TYPE
   STEPS 1
#OUTPUT
$NOD_VALUES
   STRAIN_PLS
   PRESSURE1
   STRESS_XX
   STRESS_YY
   STRESS_ZZ
   STRESS_XY
   STRESS_XZ
   STRESS_YZ
   VELOCITY_X1
   VELOCITY_Y1
   VELOCITY_Z1
   DISPLACEMENT_X1
   DISPLACEMENT_Y1
   DISPLACEMENT_Z1
$GEO_TYPE
   POINT DIPZ_16
$DAT_TYPE
   TECPLOT
$TIM_TYPE
   STEPS 1
#OUTPUT
$NOD_VALUES
   STRAIN_PLS
   PRESSURE1
   STRESS_XX
   STRESS_YY
   STRESS_ZZ
   STRESS_XY
   STRESS_XZ
   STRESS_YZ
   VELOCITY_X1
   VELOCITY_Y1
   VELOCITY_Z1
   DISPLACEMENT_X1
   DISPLACEMENT_Y1
   DISPLACEMENT_Z1
$GEO_TYPE
   POINT DIPZ_17
$DAT_TYPE
   TECPLOT
$TIM_TYPE
   STEPS 1
#OUTPUT
$NOD_VALUES
   STRAIN_PLS
   PRESSURE1
   STRESS_XX
   STRESS_YY
   STRESS_ZZ
   STRESS_XY
   STRESS_XZ
   STRESS_YZ
   VELOCITY_X1
   VELOCITY_Y1
   VELOCITY_Z1
   DISPLACEMENT_X1
   DISPLACEMENT_Y1
   DISPLACEMENT_Z1
$GEO_TYPE
   POINT DIPZ_18
$DAT_TYPE
   TECPLOT
$TIM_TYPE
   STEPS 1
#OUTPUT
$NOD_VALUES
   STRAIN_PLS
   PRESSURE1
   STRESS_XX
   STRESS_YY
   STRESS_ZZ
   STRESS_XY
   STRESS_XZ
   STRESS_YZ
   VELOCITY_X1
   VELOCITY_Y1
   VELOCITY_Z1
   DISPLACEMENT_X1
   DISPLACEMENT_Y1
   DISPLACEMENT_Z1
$GEO_TYPE
   POINT DIPZ_19
$DAT_TYPE
   TECPLOT
$TIM_TYPE
   STEPS 1
#OUTPUT
$NOD_VALUES
   STRAIN_PLS
   PRESSURE1
   STRESS_XX
   STRESS_YY
   STRESS_ZZ
   STRESS_XY
   STRESS_XZ
   STRESS_YZ
   VELOCITY_X1
   VELOCITY_Y1
   VELOCITY_Z1
   DISPLACEMENT_X1
   DISPLACEMENT_Y1
   DISPLACEMENT_Z1
$GEO_TYPE
   POINT DIPZ_20
$DAT_TYPE
   TECPLOT
$TIM_TYPE
   STEPS 1
#OUTPUT
  $NOD_VALUES
   STRAIN_PLS
   PRESSURE1
   STRESS_XX
   STRESS_YY
   STRESS_ZZ
   STRESS_XY
   STRESS_XZ
   STRESS_YZ
   VELOCITY_X1
   VELOCITY_Y1
   VELOCITY_Z1
   DISPLACEMENT_X1
   DISPLACEMENT_Y1
   DISPLACEMENT_Z1
  $GEO_TYPE
   POINT ANCHOR_BOT
  $DAT_TYPE
   TECPLOT
  $TIM_TYPE
   STEPS 1
#OUTPUT
  $NOD_VALUES
   STRAIN_PLS
   PRESSURE1
   STRESS_XX
   STRESS_YY
   STRESS_ZZ
   STRESS_XY
   STRESS_XZ
   STRESS_YZ
   VELOCITY_X1
   VELOCITY_Y1
   VELOCITY_Z1
   DISPLACEMENT_X1
   DISPLACEMENT_Y1
   DISPLACEMENT_Z1
  $GEO_TYPE
   POINT ANCHOR_TOP
  $DAT_TYPE
   TECPLOT
  $TIM_TYPE
   STEPS 1
#OUTPUT
  $NOD_VALUES
   STRAIN_PLS
   PRESSURE1
   STRESS_XX
   STRESS_YY
   STRESS_ZZ
   STRESS_XY
   STRESS_XZ
   STRESS_YZ
   VELOCITY_X1
   VELOCITY_Y1
   VELOCITY_Z1
   DISPLACEMENT_X1
   DISPLACEMENT_Y1
   DISPLACEMENT_Z1
  $GEO_TYPE
   POINT MONITORING2
 $DAT_TYPE
   TECPLOT
 $TIM_TYPE
   STEPS 1
#OUTPUT
 $NOD_VALUES
   STRAIN_PLS
   VELOCITY_X1
   VELOCITY_Y1
   VELOCITY_Z1   
   DISPLACEMENT_X1
   DISPLACEMENT_Y1
   DISPLACEMENT_Z1
   PRESSURE1   
   STRESS_XX
   STRESS_YY
   STRESS_ZZ
 $GEO_TYPE   
   POINT INJ_POINT
 $DAT_TYPE
   TECPLOT
 $TIM_TYPE
   STEPS 1 
#OUTPUT
 $NOD_VALUES
   STRAIN_PLS
   PRESSURE1
   STRESS_XX
   STRESS_YY
   STRESS_ZZ
   STRESS_XY
   STRESS_XZ
   STRESS_YZ
   VELOCITY_X1
   VELOCITY_Y1
   VELOCITY_Z1
   DISPLACEMENT_X1
   DISPLACEMENT_Y1
   DISPLACEMENT_Z1
 $GEO_TYPE
   POINT INJ_POINT_OFFFAULT
 $DAT_TYPE
   TECPLOT
 $TIM_TYPE
   STEPS 1 
#OUTPUT
 $NOD_VALUES
   STRAIN_PLS
   VELOCITY_X1
   VELOCITY_Y1
   VELOCITY_Z1 
   DISPLACEMENT_X1
   DISPLACEMENT_Y1
   DISPLACEMENT_Z1
   PRESSURE1   
   STRESS_XX
   STRESS_YY
   STRESS_ZZ
   STRESS_XY
   STRESS_XZ
   STRESS_YZ
  $GEO_TYPE
   POINT AW2
  $DAT_TYPE
   TECPLOT
  $TIM_TYPE
   STEPS 1
#STOP


#OUTPUT 
 $PCS_TYPE
 LIQUID_FLOW
 $GEO_TYPE 
  SURFACE WELL
 $DAT_TYPE 
  TOTAL_FLUX 
 $TIM_TYPE 
  STEPS 1   
