GeoSys-OUT: Output ------------------------------------------------
#OUTPUT
 $PCS_TYPE
   DEFORMATION_FLOW
 $NOD_VALUES
   STRAIN_PLS
   PRESSURE1   
   DISPLACEMENT_X1
   DISPLACEMENT_Y1
   DISPLACEMENT_Z1
   STRESS_XX
   STRESS_XY
   STRESS_XZ
   STRESS_YY
   STRESS_YZ
   STRESS_ZZ
   STRAIN_XX
   STRAIN_XY
   STRAIN_XZ
   STRAIN_YY
   STRAIN_YZ
   STRAIN_ZZ
   VELOCITY_X1
   VELOCITY_Y1
   VELOCITY_Z1
 $GEO_TYPE
   DOMAIN 
 $DAT_TYPE
   PVD
 $TIM_TYPE
   STEPS 25
#OUTPUT
  $NOD_VALUES
   STRAIN_PLS
   PRESSURE1
   STRESS_XX
   STRESS_YY
   STRESS_ZZ
   STRESS_XY
   STRESS_XZ
   STRESS_YZ
   VELOCITY_X1
   VELOCITY_Y1
   VELOCITY_Z1
   DISPLACEMENT_X1
   DISPLACEMENT_Y1
   DISPLACEMENT_Z1
  $GEO_TYPE
   POINT ANCHOR_BOT
  $DAT_TYPE
   TECPLOT
  $TIM_TYPE
   STEPS 1
#OUTPUT
  $NOD_VALUES
   STRAIN_PLS
   PRESSURE1
   STRESS_XX
   STRESS_YY
   STRESS_ZZ
   STRESS_XY
   STRESS_XZ
   STRESS_YZ
   VELOCITY_X1
   VELOCITY_Y1
   VELOCITY_Z1
   DISPLACEMENT_X1
   DISPLACEMENT_Y1
   DISPLACEMENT_Z1
  $GEO_TYPE
   POINT ANCHOR_TOP
  $DAT_TYPE
   TECPLOT
  $TIM_TYPE
   STEPS 1
#OUTPUT
  $NOD_VALUES
   STRAIN_PLS
   PRESSURE1
   STRESS_XX
   STRESS_YY
   STRESS_ZZ
   STRESS_XY
   STRESS_XZ
   STRESS_YZ
   VELOCITY_X1
   VELOCITY_Y1
   VELOCITY_Z1
   DISPLACEMENT_X1
   DISPLACEMENT_Y1
   DISPLACEMENT_Z1
  $GEO_TYPE
   POINT MONITORING2
  $DAT_TYPE
   TECPLOT
  $TIM_TYPE
   STEPS 1
#OUTPUT
  $NOD_VALUES
   STRAIN_PLS
   PRESSURE1
   STRESS_XX
   STRESS_YY
   STRESS_ZZ
   STRESS_XY
   STRESS_XZ
   STRESS_YZ
   VELOCITY_X1
   VELOCITY_Y1
   VELOCITY_Z1
   DISPLACEMENT_X1
   DISPLACEMENT_Y1
   DISPLACEMENT_Z1
  $GEO_TYPE
   POINT MONITORING3
  $DAT_TYPE
   TECPLOT
  $TIM_TYPE
   STEPS 1
#OUTPUT
  $NOD_VALUES
   STRAIN_PLS
   PRESSURE1
   STRESS_XX
   STRESS_YY
   STRESS_ZZ
   STRESS_XY
   STRESS_XZ
   STRESS_YZ
   VELOCITY_X1
   VELOCITY_Y1
   VELOCITY_Z1
   DISPLACEMENT_X1
   DISPLACEMENT_Y1
   DISPLACEMENT_Z1
  $GEO_TYPE
   POINT MONITORING1_fault
  $DAT_TYPE
   TECPLOT
 $TIM_TYPE
   STEPS 1
#OUTPUT
  $NOD_VALUES
   STRAIN_PLS
   PRESSURE1
   STRESS_XX
   STRESS_YY
   STRESS_ZZ
   STRESS_XY
   STRESS_XZ
   STRESS_YZ
   VELOCITY_X1
   VELOCITY_Y1
   VELOCITY_Z1
   DISPLACEMENT_X1
   DISPLACEMENT_Y1
   DISPLACEMENT_Z1
  $GEO_TYPE
   POINT MONITORING2_fault
  $DAT_TYPE
   TECPLOT
 $TIM_TYPE
   STEPS 1
#OUTPUT
 $NOD_VALUES
   STRAIN_PLS
   PRESSURE1
   STRESS_XX
   STRESS_YY
   STRESS_ZZ
   STRESS_XY
   STRESS_XZ
   STRESS_YZ
   VELOCITY_X1
   VELOCITY_Y1
   VELOCITY_Z1
   DISPLACEMENT_X1
   DISPLACEMENT_Y1
   DISPLACEMENT_Z1
 $GEO_TYPE
   POINT MONITORING3_fault
 $DAT_TYPE
   TECPLOT
 $TIM_TYPE
   STEPS 1

#OUTPUT
 $NOD_VALUES
   STRAIN_PLS
   PRESSURE1
   STRESS_XX
   STRESS_YY
   STRESS_ZZ
   STRESS_XY
   STRESS_XZ
   STRESS_YZ
   VELOCITY_X1
   VELOCITY_Y1
   VELOCITY_Z1
   DISPLACEMENT_X1
   DISPLACEMENT_Y1
   DISPLACEMENT_Z1
 $GEO_TYPE
   POINT INJ_POINT_00
 $DAT_TYPE
   TECPLOT
 $TIM_TYPE
   STEPS 1   
#OUTPUT
 $NOD_VALUES
   PRESSURE1
 $GEO_TYPE
   POINT INJ_POINT_01
 $DAT_TYPE
   TECPLOT
 $TIM_TYPE
   STEPS 1   
#OUTPUT
 $NOD_VALUES
   PRESSURE1
 $GEO_TYPE
   POINT INJ_POINT_02
 $DAT_TYPE
   TECPLOT
 $TIM_TYPE
   STEPS 1   
#OUTPUT
 $NOD_VALUES
   STRAIN_PLS
   PRESSURE1
   STRESS_XX
   STRESS_YY
   STRESS_ZZ
   STRESS_XY
   STRESS_XZ
   STRESS_YZ
   VELOCITY_X1
   VELOCITY_Y1
   VELOCITY_Z1
   DISPLACEMENT_X1
   DISPLACEMENT_Y1
   DISPLACEMENT_Z1
 $GEO_TYPE
   POINT INJ_POINT_03
 $DAT_TYPE
   TECPLOT
 $TIM_TYPE
   STEPS 1
#OUTPUT
 $NOD_VALUES
   PRESSURE1
 $GEO_TYPE
   POINT INJ_POINT_04
 $DAT_TYPE
   TECPLOT
 $TIM_TYPE
   STEPS 1   
#OUTPUT
 $NOD_VALUES
   PRESSURE1
 $GEO_TYPE
   POINT INJ_POINT_05
 $DAT_TYPE
   TECPLOT
 $TIM_TYPE
   STEPS 1   
#OUTPUT
 $NOD_VALUES
   PRESSURE1
 $GEO_TYPE
   POINT INJ_POINT_06
 $DAT_TYPE
   TECPLOT
 $TIM_TYPE
   STEPS 1   
#OUTPUT
 $NOD_VALUES
   PRESSURE1
 $GEO_TYPE
   POINT INJ_POINT_07
 $DAT_TYPE
   TECPLOT
 $TIM_TYPE
   STEPS 1   
#OUTPUT
 $NOD_VALUES
   PRESSURE1
 $GEO_TYPE
   POINT INJ_POINT_08
 $DAT_TYPE
   TECPLOT
 $TIM_TYPE
   STEPS 1   
#OUTPUT
 $NOD_VALUES
   PRESSURE1
 $GEO_TYPE
   POINT INJ_POINT_10
 $DAT_TYPE
   TECPLOT
 $TIM_TYPE
   STEPS 1   
#OUTPUT
 $NOD_VALUES
   PRESSURE1
 $GEO_TYPE
   POINT INJ_POINT_11
 $DAT_TYPE
   TECPLOT
 $TIM_TYPE
   STEPS 1      
#OUTPUT
 $NOD_VALUES
   PRESSURE1
 $GEO_TYPE
   POINT INJ_POINT_12
 $DAT_TYPE
   TECPLOT
 $TIM_TYPE
   STEPS 1   
#OUTPUT
 $NOD_VALUES
   STRAIN_PLS
   PRESSURE1
   STRESS_XX
   STRESS_YY
   STRESS_ZZ
   STRESS_XY
   STRESS_XZ
   STRESS_YZ
   VELOCITY_X1
   VELOCITY_Y1
   VELOCITY_Z1
   DISPLACEMENT_X1
   DISPLACEMENT_Y1
   DISPLACEMENT_Z1
 $GEO_TYPE
   POINT INJ_POINT_13
 $DAT_TYPE
   TECPLOT
 $TIM_TYPE
   STEPS 1
#OUTPUT
 $NOD_VALUES
   PRESSURE1
 $GEO_TYPE
   POINT INJ_POINT_14
 $DAT_TYPE
   TECPLOT
 $TIM_TYPE
   STEPS 1   
#OUTPUT
 $NOD_VALUES
   PRESSURE1
 $GEO_TYPE
   POINT INJ_POINT_15
 $DAT_TYPE
   TECPLOT
 $TIM_TYPE
   STEPS 1   
#OUTPUT
 $NOD_VALUES
   PRESSURE1
 $GEO_TYPE
   POINT INJ_POINT_16
 $DAT_TYPE
   TECPLOT
 $TIM_TYPE
   STEPS 1   
#OUTPUT
 $NOD_VALUES
   PRESSURE1
 $GEO_TYPE
   POINT INJ_POINT_17
 $DAT_TYPE
   TECPLOT
 $TIM_TYPE
   STEPS 1   
#OUTPUT
 $NOD_VALUES
   PRESSURE1
 $GEO_TYPE
   POINT INJ_POINT_18
 $DAT_TYPE
   TECPLOT
 $TIM_TYPE
   STEPS 1   
#OUTPUT
 $NOD_VALUES
   PRESSURE1
 $GEO_TYPE
   POINT INJ_POINT_20
 $DAT_TYPE
   TECPLOT
 $TIM_TYPE
   STEPS 1   
#OUTPUT
 $NOD_VALUES
   PRESSURE1
 $GEO_TYPE
   POINT INJ_POINT_21
 $DAT_TYPE
   TECPLOT
 $TIM_TYPE
   STEPS 1   
#OUTPUT
 $NOD_VALUES
   STRAIN_PLS
   VELOCITY_X1
   VELOCITY_Y1
   VELOCITY_Z1 
   DISPLACEMENT_X1
   DISPLACEMENT_Y1
   DISPLACEMENT_Z1
   PRESSURE1   
   STRESS_XX
   STRESS_YY
   STRESS_ZZ
   STRESS_XY
   STRESS_XZ
   STRESS_YZ
  $GEO_TYPE
   POINT MP_18below
  $DAT_TYPE
   TECPLOT
  $TIM_TYPE
   STEPS 1
#OUTPUT
 $NOD_VALUES
   STRAIN_PLS
   VELOCITY_X1
   VELOCITY_Y1
   VELOCITY_Z1 
   DISPLACEMENT_X1
   DISPLACEMENT_Y1
   DISPLACEMENT_Z1
   PRESSURE1   
   STRESS_XX
   STRESS_YY
   STRESS_ZZ
   STRESS_XY
   STRESS_XZ
   STRESS_YZ
  $GEO_TYPE
   POINT MP_18above
  $DAT_TYPE
   TECPLOT
  $TIM_TYPE
   STEPS 1
#OUTPUT
 $NOD_VALUES
   STRAIN_PLS
   VELOCITY_X1
   VELOCITY_Y1
   VELOCITY_Z1 
   DISPLACEMENT_X1
   DISPLACEMENT_Y1
   DISPLACEMENT_Z1
   PRESSURE1   
   STRESS_XX
   STRESS_YY
   STRESS_ZZ
   STRESS_XY
   STRESS_XZ
   STRESS_YZ
  $GEO_TYPE
   POINT MP_18front
  $DAT_TYPE
   TECPLOT
  $TIM_TYPE
   STEPS 1
#OUTPUT
 $NOD_VALUES
   STRAIN_PLS
   VELOCITY_X1
   VELOCITY_Y1
   VELOCITY_Z1 
   DISPLACEMENT_X1
   DISPLACEMENT_Y1
   DISPLACEMENT_Z1
   PRESSURE1   
   STRESS_XX
   STRESS_YY
   STRESS_ZZ
   STRESS_XY
   STRESS_XZ
   STRESS_YZ
  $GEO_TYPE
   POINT MP_18back
  $DAT_TYPE
   TECPLOT
  $TIM_TYPE
   STEPS 1
#OUTPUT
 $NOD_VALUES
   STRAIN_PLS
   PRESSURE1
   STRESS_XX
   STRESS_YY
   STRESS_ZZ
   STRESS_XY
   STRESS_XZ
   STRESS_YZ
   VELOCITY_X1
   VELOCITY_Y1
   VELOCITY_Z1
   DISPLACEMENT_X1
   DISPLACEMENT_Y1
   DISPLACEMENT_Z1
 $GEO_TYPE
   POINT STRIKEX1-30
 $DAT_TYPE
   TECPLOT
 $TIM_TYPE
   STEPS 1
#OUTPUT
 $NOD_VALUES
   STRAIN_PLS
   PRESSURE1
   STRESS_XX
   STRESS_YY
   STRESS_ZZ
   STRESS_XY
   STRESS_XZ
   STRESS_YZ
   VELOCITY_X1
   VELOCITY_Y1
   VELOCITY_Z1
   DISPLACEMENT_X1
   DISPLACEMENT_Y1
   DISPLACEMENT_Z1
 $GEO_TYPE
   POINT STRIKEX1-29
 $DAT_TYPE
   TECPLOT
 $TIM_TYPE
   STEPS 1
#OUTPUT
 $NOD_VALUES
   STRAIN_PLS
   PRESSURE1
   STRESS_XX
   STRESS_YY
   STRESS_ZZ
   STRESS_XY
   STRESS_XZ
   STRESS_YZ
   VELOCITY_X1
   VELOCITY_Y1
   VELOCITY_Z1
   DISPLACEMENT_X1
   DISPLACEMENT_Y1
   DISPLACEMENT_Z1
 $GEO_TYPE
   POINT STRIKEX1-28
 $DAT_TYPE
   TECPLOT
 $TIM_TYPE
   STEPS 1
#OUTPUT
 $NOD_VALUES
   STRAIN_PLS
   PRESSURE1
   STRESS_XX
   STRESS_YY
   STRESS_ZZ
   STRESS_XY
   STRESS_XZ
   STRESS_YZ
   VELOCITY_X1
   VELOCITY_Y1
   VELOCITY_Z1
   DISPLACEMENT_X1
   DISPLACEMENT_Y1
   DISPLACEMENT_Z1
 $GEO_TYPE
   POINT STRIKEX1-27
 $DAT_TYPE
   TECPLOT
 $TIM_TYPE
   STEPS 1
#OUTPUT
 $NOD_VALUES
   STRAIN_PLS
   PRESSURE1
   STRESS_XX
   STRESS_YY
   STRESS_ZZ
   STRESS_XY
   STRESS_XZ
   STRESS_YZ
   VELOCITY_X1
   VELOCITY_Y1
   VELOCITY_Z1
   DISPLACEMENT_X1
   DISPLACEMENT_Y1
   DISPLACEMENT_Z1
 $GEO_TYPE
   POINT STRIKEX1-26
 $DAT_TYPE
   TECPLOT
 $TIM_TYPE
   STEPS 1
#OUTPUT
 $NOD_VALUES
   STRAIN_PLS
   PRESSURE1
   STRESS_XX
   STRESS_YY
   STRESS_ZZ
   STRESS_XY
   STRESS_XZ
   STRESS_YZ
   VELOCITY_X1
   VELOCITY_Y1
   VELOCITY_Z1
   DISPLACEMENT_X1
   DISPLACEMENT_Y1
   DISPLACEMENT_Z1
 $GEO_TYPE
   POINT STRIKEX1-25
 $DAT_TYPE
   TECPLOT
 $TIM_TYPE
   STEPS 1
#OUTPUT
 $NOD_VALUES
   STRAIN_PLS
   PRESSURE1
   STRESS_XX
   STRESS_YY
   STRESS_ZZ
   STRESS_XY
   STRESS_XZ
   STRESS_YZ
   VELOCITY_X1
   VELOCITY_Y1
   VELOCITY_Z1
   DISPLACEMENT_X1
   DISPLACEMENT_Y1
   DISPLACEMENT_Z1
 $GEO_TYPE
   POINT STRIKEX1-24
 $DAT_TYPE
   TECPLOT
 $TIM_TYPE
   STEPS 1
#OUTPUT
 $NOD_VALUES
   STRAIN_PLS
   PRESSURE1
   STRESS_XX
   STRESS_YY
   STRESS_ZZ
   STRESS_XY
   STRESS_XZ
   STRESS_YZ
   VELOCITY_X1
   VELOCITY_Y1
   VELOCITY_Z1
   DISPLACEMENT_X1
   DISPLACEMENT_Y1
   DISPLACEMENT_Z1
 $GEO_TYPE
   POINT STRIKEX1-23
 $DAT_TYPE
   TECPLOT
 $TIM_TYPE
   STEPS 1
#OUTPUT
 $NOD_VALUES
   STRAIN_PLS
   PRESSURE1
   STRESS_XX
   STRESS_YY
   STRESS_ZZ
   STRESS_XY
   STRESS_XZ
   STRESS_YZ
   VELOCITY_X1
   VELOCITY_Y1
   VELOCITY_Z1
   DISPLACEMENT_X1
   DISPLACEMENT_Y1
   DISPLACEMENT_Z1
 $GEO_TYPE
   POINT STRIKEX1-22
 $DAT_TYPE
   TECPLOT
 $TIM_TYPE
   STEPS 1
#OUTPUT
 $NOD_VALUES
   STRAIN_PLS
   PRESSURE1
   STRESS_XX
   STRESS_YY
   STRESS_ZZ
   STRESS_XY
   STRESS_XZ
   STRESS_YZ
   VELOCITY_X1
   VELOCITY_Y1
   VELOCITY_Z1
   DISPLACEMENT_X1
   DISPLACEMENT_Y1
   DISPLACEMENT_Z1
 $GEO_TYPE
   POINT STRIKEX1-21
 $DAT_TYPE
   TECPLOT
 $TIM_TYPE
   STEPS 1
#OUTPUT
 $NOD_VALUES
   STRAIN_PLS
   PRESSURE1
   STRESS_XX
   STRESS_YY
   STRESS_ZZ
   STRESS_XY
   STRESS_XZ
   STRESS_YZ
   VELOCITY_X1
   VELOCITY_Y1
   VELOCITY_Z1
   DISPLACEMENT_X1
   DISPLACEMENT_Y1
   DISPLACEMENT_Z1
 $GEO_TYPE
   POINT STRIKEX1-20
 $DAT_TYPE
   TECPLOT
 $TIM_TYPE
   STEPS 1
#OUTPUT
 $NOD_VALUES
   STRAIN_PLS
   PRESSURE1
   STRESS_XX
   STRESS_YY
   STRESS_ZZ
   STRESS_XY
   STRESS_XZ
   STRESS_YZ
   VELOCITY_X1
   VELOCITY_Y1
   VELOCITY_Z1
   DISPLACEMENT_X1
   DISPLACEMENT_Y1
   DISPLACEMENT_Z1
 $GEO_TYPE
   POINT STRIKEX1-19
   
 $DAT_TYPE
   TECPLOT
 $TIM_TYPE
   STEPS 1
#OUTPUT
 $NOD_VALUES
   STRAIN_PLS
   PRESSURE1
   STRESS_XX
   STRESS_YY
   STRESS_ZZ
   STRESS_XY
   STRESS_XZ
   STRESS_YZ
   VELOCITY_X1
   VELOCITY_Y1
   VELOCITY_Z1
   DISPLACEMENT_X1
   DISPLACEMENT_Y1
   DISPLACEMENT_Z1
 $GEO_TYPE
   POINT STRIKEX1-18
 $DAT_TYPE
   TECPLOT
 $TIM_TYPE
   STEPS 1

#OUTPUT
 $NOD_VALUES
   STRAIN_PLS
   PRESSURE1
   STRESS_XX
   STRESS_YY
   STRESS_ZZ
   STRESS_XY
   STRESS_XZ
   STRESS_YZ
   VELOCITY_X1
   VELOCITY_Y1
   VELOCITY_Z1
   DISPLACEMENT_X1
   DISPLACEMENT_Y1
   DISPLACEMENT_Z1
 $GEO_TYPE
   POINT STRIKEX1-12
 $DAT_TYPE
   TECPLOT
 $TIM_TYPE
   STEPS 1
#OUTPUT
 $NOD_VALUES
   STRAIN_PLS
   PRESSURE1
   STRESS_XX
   STRESS_YY
   STRESS_ZZ
   STRESS_XY
   STRESS_XZ
   STRESS_YZ
   VELOCITY_X1
   VELOCITY_Y1
   VELOCITY_Z1
   DISPLACEMENT_X1
   DISPLACEMENT_Y1
   DISPLACEMENT_Z1
 $GEO_TYPE
   POINT STRIKEX1-11
 $DAT_TYPE
   TECPLOT
 $TIM_TYPE
   STEPS 1
#OUTPUT
 $NOD_VALUES
   STRAIN_PLS
   PRESSURE1
   STRESS_XX
   STRESS_YY
   STRESS_ZZ
   STRESS_XY
   STRESS_XZ
   STRESS_YZ
   VELOCITY_X1
   VELOCITY_Y1
   VELOCITY_Z1
   DISPLACEMENT_X1
   DISPLACEMENT_Y1
   DISPLACEMENT_Z1
 $GEO_TYPE
   POINT STRIKEX1-10
 $DAT_TYPE
   TECPLOT
 $TIM_TYPE
   STEPS 1
#OUTPUT
 $NOD_VALUES
   STRAIN_PLS
   PRESSURE1
   STRESS_XX
   STRESS_YY
   STRESS_ZZ
   STRESS_XY
   STRESS_XZ
   STRESS_YZ
   VELOCITY_X1
   VELOCITY_Y1
   VELOCITY_Z1
   DISPLACEMENT_X1
   DISPLACEMENT_Y1
   DISPLACEMENT_Z1
 $GEO_TYPE
   POINT STRIKEX1-8
 $DAT_TYPE
   TECPLOT
 $TIM_TYPE
   STEPS 1
#OUTPUT
 $NOD_VALUES
   STRAIN_PLS
   PRESSURE1
   STRESS_XX
   STRESS_YY
   STRESS_ZZ
   STRESS_XY
   STRESS_XZ
   STRESS_YZ
   VELOCITY_X1
   VELOCITY_Y1
   VELOCITY_Z1
   DISPLACEMENT_X1
   DISPLACEMENT_Y1
   DISPLACEMENT_Z1
 $GEO_TYPE
   POINT STRIKEX1-7
 $DAT_TYPE
   TECPLOT
 $TIM_TYPE
   STEPS 1
#OUTPUT
 $NOD_VALUES
   STRAIN_PLS
   PRESSURE1
   STRESS_XX
   STRESS_YY
   STRESS_ZZ
   STRESS_XY
   STRESS_XZ
   STRESS_YZ
   VELOCITY_X1
   VELOCITY_Y1
   VELOCITY_Z1
   DISPLACEMENT_X1
   DISPLACEMENT_Y1
   DISPLACEMENT_Z1
 $GEO_TYPE
   POINT STRIKEX1-6
 $DAT_TYPE
   TECPLOT
 $TIM_TYPE
   STEPS 1
#OUTPUT
 $NOD_VALUES
   STRAIN_PLS
   PRESSURE1
   STRESS_XX
   STRESS_YY
   STRESS_ZZ
   STRESS_XY
   STRESS_XZ
   STRESS_YZ
   VELOCITY_X1
   VELOCITY_Y1
   VELOCITY_Z1
   DISPLACEMENT_X1
   DISPLACEMENT_Y1
   DISPLACEMENT_Z1
 $GEO_TYPE
   POINT STRIKEX1-5
 $DAT_TYPE
   TECPLOT
 $TIM_TYPE
   STEPS 1
#OUTPUT
 $NOD_VALUES
   STRAIN_PLS
   PRESSURE1
   STRESS_XX
   STRESS_YY
   STRESS_ZZ
   STRESS_XY
   STRESS_XZ
   STRESS_YZ
   VELOCITY_X1
   VELOCITY_Y1
   VELOCITY_Z1
   DISPLACEMENT_X1
   DISPLACEMENT_Y1
   DISPLACEMENT_Z1
 $GEO_TYPE
   POINT STRIKEX1-4
 $DAT_TYPE
   TECPLOT
 $TIM_TYPE
   STEPS 1
#OUTPUT
 $NOD_VALUES
   STRAIN_PLS
   PRESSURE1
   STRESS_XX
   STRESS_YY
   STRESS_ZZ
   STRESS_XY
   STRESS_XZ
   STRESS_YZ
   VELOCITY_X1
   VELOCITY_Y1
   VELOCITY_Z1
   DISPLACEMENT_X1
   DISPLACEMENT_Y1
   DISPLACEMENT_Z1
 $GEO_TYPE
   POINT STRIKEX1-3
 $DAT_TYPE
   TECPLOT
 $TIM_TYPE
   STEPS 1
#OUTPUT
 $NOD_VALUES
   STRAIN_PLS
   PRESSURE1
   STRESS_XX
   STRESS_YY
   STRESS_ZZ
   STRESS_XY
   STRESS_XZ
   STRESS_YZ
   VELOCITY_X1
   VELOCITY_Y1
   VELOCITY_Z1
   DISPLACEMENT_X1
   DISPLACEMENT_Y1
   DISPLACEMENT_Z1
 $GEO_TYPE
   POINT STRIKEX1-2
 $DAT_TYPE
   TECPLOT
 $TIM_TYPE
   STEPS 1
#OUTPUT
 $NOD_VALUES
   STRAIN_PLS
   PRESSURE1
   STRESS_XX
   STRESS_YY
   STRESS_ZZ
   STRESS_XY
   STRESS_XZ
   STRESS_YZ
   VELOCITY_X1
   VELOCITY_Y1
   VELOCITY_Z1
   DISPLACEMENT_X1
   DISPLACEMENT_Y1
   DISPLACEMENT_Z1
 $GEO_TYPE
   POINT STRIKEX1-1
 $DAT_TYPE
   TECPLOT
 $TIM_TYPE
   STEPS 1
#OUTPUT
 $NOD_VALUES
   STRAIN_PLS
   PRESSURE1
   STRESS_XX
   STRESS_YY
   STRESS_ZZ
   STRESS_XY
   STRESS_XZ
   STRESS_YZ
   VELOCITY_X1
   VELOCITY_Y1
   VELOCITY_Z1
   DISPLACEMENT_X1
   DISPLACEMENT_Y1
   DISPLACEMENT_Z1
 $GEO_TYPE
   POINT STRIKEX1-0
 $DAT_TYPE
   TECPLOT
 $TIM_TYPE
   STEPS 1

#OUTPUT
  $NOD_VALUES
   STRAIN_PLS
   PRESSURE1
   STRESS_XX
   STRESS_YY
   STRESS_ZZ
   STRESS_XY
   STRESS_XZ
   STRESS_YZ
   VELOCITY_X1
   VELOCITY_Y1
   VELOCITY_Z1
   DISPLACEMENT_X1
   DISPLACEMENT_Y1
   DISPLACEMENT_Z1
  $GEO_TYPE
   POINT DIPZ1-33
  $DAT_TYPE
   TECPLOT
  $TIM_TYPE
   STEPS 1
#OUTPUT
  $NOD_VALUES
   STRAIN_PLS
   PRESSURE1
   STRESS_XX
   STRESS_YY
   STRESS_ZZ
   STRESS_XY
   STRESS_XZ
   STRESS_YZ
   VELOCITY_X1
   VELOCITY_Y1
   VELOCITY_Z1
   DISPLACEMENT_X1
   DISPLACEMENT_Y1
   DISPLACEMENT_Z1
  $GEO_TYPE
   POINT DIPZ1-32
  $DAT_TYPE
   TECPLOT
  $TIM_TYPE
   STEPS 1
#OUTPUT
  $NOD_VALUES
   STRAIN_PLS
   PRESSURE1
   STRESS_XX
   STRESS_YY
   STRESS_ZZ
   STRESS_XY
   STRESS_XZ
   STRESS_YZ
   VELOCITY_X1
   VELOCITY_Y1
   VELOCITY_Z1
   DISPLACEMENT_X1
   DISPLACEMENT_Y1
   DISPLACEMENT_Z1
  $GEO_TYPE
   POINT DIPZ1-31
  $DAT_TYPE
   TECPLOT
  $TIM_TYPE
   STEPS 1
#OUTPUT
  $NOD_VALUES
   STRAIN_PLS
   PRESSURE1
   STRESS_XX
   STRESS_YY
   STRESS_ZZ
   STRESS_XY
   STRESS_XZ
   STRESS_YZ
   VELOCITY_X1
   VELOCITY_Y1
   VELOCITY_Z1
   DISPLACEMENT_X1
   DISPLACEMENT_Y1
   DISPLACEMENT_Z1
  $GEO_TYPE
   POINT DIPZ1-30
  $DAT_TYPE
   TECPLOT
  $TIM_TYPE
   STEPS 1
#OUTPUT
  $NOD_VALUES
   STRAIN_PLS
   PRESSURE1
   STRESS_XX
   STRESS_YY
   STRESS_ZZ
   STRESS_XY
   STRESS_XZ
   STRESS_YZ
   VELOCITY_X1
   VELOCITY_Y1
   VELOCITY_Z1
   DISPLACEMENT_X1
   DISPLACEMENT_Y1
   DISPLACEMENT_Z1
  $GEO_TYPE
   POINT DIPZ1-29
  $DAT_TYPE
   TECPLOT
  $TIM_TYPE
   STEPS 1
#OUTPUT
  $NOD_VALUES
   STRAIN_PLS
   PRESSURE1
   STRESS_XX
   STRESS_YY
   STRESS_ZZ
   STRESS_XY
   STRESS_XZ
   STRESS_YZ
   VELOCITY_X1
   VELOCITY_Y1
   VELOCITY_Z1
   DISPLACEMENT_X1
   DISPLACEMENT_Y1
   DISPLACEMENT_Z1
  $GEO_TYPE
   POINT DIPZ1-28
  $DAT_TYPE
   TECPLOT
  $TIM_TYPE
   STEPS 1
#OUTPUT
  $NOD_VALUES
   STRAIN_PLS
   PRESSURE1
   STRESS_XX
   STRESS_YY
   STRESS_ZZ
   STRESS_XY
   STRESS_XZ
   STRESS_YZ
   VELOCITY_X1
   VELOCITY_Y1
   VELOCITY_Z1
   DISPLACEMENT_X1
   DISPLACEMENT_Y1
   DISPLACEMENT_Z1
  $GEO_TYPE
   POINT DIPZ1-27
  $DAT_TYPE
   TECPLOT
  $TIM_TYPE
   STEPS 1
#OUTPUT
  $NOD_VALUES
   STRAIN_PLS
   PRESSURE1
   STRESS_XX
   STRESS_YY
   STRESS_ZZ
   STRESS_XY
   STRESS_XZ
   STRESS_YZ
   VELOCITY_X1
   VELOCITY_Y1
   VELOCITY_Z1
   DISPLACEMENT_X1
   DISPLACEMENT_Y1
   DISPLACEMENT_Z1
  $GEO_TYPE
   POINT DIPZ1-26
  $DAT_TYPE
   TECPLOT
  $TIM_TYPE
   STEPS 1
#OUTPUT
  $NOD_VALUES
   STRAIN_PLS
   PRESSURE1
   STRESS_XX
   STRESS_YY
   STRESS_ZZ
   STRESS_XY
   STRESS_XZ
   STRESS_YZ
   VELOCITY_X1
   VELOCITY_Y1
   VELOCITY_Z1
   DISPLACEMENT_X1
   DISPLACEMENT_Y1
   DISPLACEMENT_Z1
  $GEO_TYPE
   POINT DIPZ1-25
  $DAT_TYPE
   TECPLOT
  $TIM_TYPE
   STEPS 1
#OUTPUT
  $NOD_VALUES
   STRAIN_PLS
   PRESSURE1
   STRESS_XX
   STRESS_YY
   STRESS_ZZ
   STRESS_XY
   STRESS_XZ
   STRESS_YZ
   VELOCITY_X1
   VELOCITY_Y1
   VELOCITY_Z1
   DISPLACEMENT_X1
   DISPLACEMENT_Y1
   DISPLACEMENT_Z1
  $GEO_TYPE
   POINT DIPZ1-24
  $DAT_TYPE
   TECPLOT
  $TIM_TYPE
   STEPS 1
#OUTPUT
  $NOD_VALUES
   STRAIN_PLS
   PRESSURE1
   STRESS_XX
   STRESS_YY
   STRESS_ZZ
   STRESS_XY
   STRESS_XZ
   STRESS_YZ
   VELOCITY_X1
   VELOCITY_Y1
   VELOCITY_Z1
   DISPLACEMENT_X1
   DISPLACEMENT_Y1
   DISPLACEMENT_Z1
  $GEO_TYPE
   POINT DIPZ1-23
  $DAT_TYPE
   TECPLOT
  $TIM_TYPE
   STEPS 1
#OUTPUT
  $NOD_VALUES
   STRAIN_PLS
   PRESSURE1
   STRESS_XX
   STRESS_YY
   STRESS_ZZ
   STRESS_XY
   STRESS_XZ
   STRESS_YZ
   VELOCITY_X1
   VELOCITY_Y1
   VELOCITY_Z1
   DISPLACEMENT_X1
   DISPLACEMENT_Y1
   DISPLACEMENT_Z1
  $GEO_TYPE
   POINT DIPZ1-22
  $DAT_TYPE
   TECPLOT
  $TIM_TYPE
   STEPS 1
#OUTPUT
  $NOD_VALUES
   STRAIN_PLS
   PRESSURE1
   STRESS_XX
   STRESS_YY
   STRESS_ZZ
   STRESS_XY
   STRESS_XZ
   STRESS_YZ
   VELOCITY_X1
   VELOCITY_Y1
   VELOCITY_Z1
   DISPLACEMENT_X1
   DISPLACEMENT_Y1
   DISPLACEMENT_Z1
  $GEO_TYPE
   POINT DIPZ1-21
  $DAT_TYPE
   TECPLOT
  $TIM_TYPE
   STEPS 1
#OUTPUT
  $NOD_VALUES
   STRAIN_PLS
   PRESSURE1
   STRESS_XX
   STRESS_YY
   STRESS_ZZ
   STRESS_XY
   STRESS_XZ
   STRESS_YZ
   VELOCITY_X1
   VELOCITY_Y1
   VELOCITY_Z1
   DISPLACEMENT_X1
   DISPLACEMENT_Y1
   DISPLACEMENT_Z1
  $GEO_TYPE
   POINT DIPZ1-20
  $DAT_TYPE
   TECPLOT
  $TIM_TYPE
   STEPS 1
#OUTPUT
 $NOD_VALUES
   STRAIN_PLS
   PRESSURE1
   STRESS_XX
   STRESS_YY
   STRESS_ZZ
   STRESS_XY
   STRESS_XZ
   STRESS_YZ
   VELOCITY_X1
   VELOCITY_Y1
   VELOCITY_Z1
   DISPLACEMENT_X1
   DISPLACEMENT_Y1
   DISPLACEMENT_Z1
 $GEO_TYPE
   POINT DIPZ1-16
 $DAT_TYPE
   TECPLOT
 $TIM_TYPE
   STEPS 1
#OUTPUT
 $NOD_VALUES
   STRAIN_PLS
   PRESSURE1
   STRESS_XX
   STRESS_YY
   STRESS_ZZ
   STRESS_XY
   STRESS_XZ
   STRESS_YZ
   VELOCITY_X1
   VELOCITY_Y1
   VELOCITY_Z1
   DISPLACEMENT_X1
   DISPLACEMENT_Y1
   DISPLACEMENT_Z1
 $GEO_TYPE
   POINT DIPZ1-15
 $DAT_TYPE
   TECPLOT
 $TIM_TYPE
   STEPS 1
#OUTPUT
 $NOD_VALUES
   STRAIN_PLS
   PRESSURE1
   STRESS_XX
   STRESS_YY
   STRESS_ZZ
   STRESS_XY
   STRESS_XZ
   STRESS_YZ
   VELOCITY_X1
   VELOCITY_Y1
   VELOCITY_Z1
   DISPLACEMENT_X1
   DISPLACEMENT_Y1
   DISPLACEMENT_Z1
 $GEO_TYPE
   POINT DIPZ1-13
 $DAT_TYPE
   TECPLOT
 $TIM_TYPE
   STEPS 1
#OUTPUT
 $NOD_VALUES
   STRAIN_PLS
   PRESSURE1
   STRESS_XX
   STRESS_YY
   STRESS_ZZ
   STRESS_XY
   STRESS_XZ
   STRESS_YZ
   VELOCITY_X1
   VELOCITY_Y1
   VELOCITY_Z1
   DISPLACEMENT_X1
   DISPLACEMENT_Y1
   DISPLACEMENT_Z1
 $GEO_TYPE
   POINT DIPZ1-12
 $DAT_TYPE
   TECPLOT
 $TIM_TYPE
   STEPS 1
#OUTPUT
 $NOD_VALUES
   STRAIN_PLS
   PRESSURE1
   STRESS_XX
   STRESS_YY
   STRESS_ZZ
   STRESS_XY
   STRESS_XZ
   STRESS_YZ
   VELOCITY_X1
   VELOCITY_Y1
   VELOCITY_Z1
   DISPLACEMENT_X1
   DISPLACEMENT_Y1
   DISPLACEMENT_Z1
 $GEO_TYPE
   POINT DIPZ1-11
 $DAT_TYPE
   TECPLOT
 $TIM_TYPE
   STEPS 1
#OUTPUT
 $NOD_VALUES
   STRAIN_PLS
   PRESSURE1
   STRESS_XX
   STRESS_YY
   STRESS_ZZ
   STRESS_XY
   STRESS_XZ
   STRESS_YZ
   VELOCITY_X1
   VELOCITY_Y1
   VELOCITY_Z1
   DISPLACEMENT_X1
   DISPLACEMENT_Y1
   DISPLACEMENT_Z1
 $GEO_TYPE
   POINT DIPZ1-10
 $DAT_TYPE
   TECPLOT
 $TIM_TYPE
   STEPS 1
#OUTPUT
 $NOD_VALUES
   STRAIN_PLS
   PRESSURE1
   STRESS_XX
   STRESS_YY
   STRESS_ZZ
   STRESS_XY
   STRESS_XZ
   STRESS_YZ
   VELOCITY_X1
   VELOCITY_Y1
   VELOCITY_Z1
   DISPLACEMENT_X1
   DISPLACEMENT_Y1
   DISPLACEMENT_Z1
 $GEO_TYPE
   POINT DIPZ1-9
 $DAT_TYPE
   TECPLOT
 $TIM_TYPE
   STEPS 1
#OUTPUT
 $NOD_VALUES
   STRAIN_PLS
   PRESSURE1
   STRESS_XX
   STRESS_YY
   STRESS_ZZ
   STRESS_XY
   STRESS_XZ
   STRESS_YZ
   VELOCITY_X1
   VELOCITY_Y1
   VELOCITY_Z1
   DISPLACEMENT_X1
   DISPLACEMENT_Y1
   DISPLACEMENT_Z1
 $GEO_TYPE
   POINT DIPZ1-8
 $DAT_TYPE
   TECPLOT
 $TIM_TYPE
   STEPS 1
#OUTPUT
 $NOD_VALUES
   STRAIN_PLS
   PRESSURE1
   STRESS_XX
   STRESS_YY
   STRESS_ZZ
   STRESS_XY
   STRESS_XZ
   STRESS_YZ
   VELOCITY_X1
   VELOCITY_Y1
   VELOCITY_Z1
   DISPLACEMENT_X1
   DISPLACEMENT_Y1
   DISPLACEMENT_Z1
 $GEO_TYPE
   POINT DIPZ1-7
 $DAT_TYPE
   TECPLOT
 $TIM_TYPE
   STEPS 1
#OUTPUT
 $NOD_VALUES
   STRAIN_PLS
   PRESSURE1
   STRESS_XX
   STRESS_YY
   STRESS_ZZ
   STRESS_XY
   STRESS_XZ
   STRESS_YZ
   VELOCITY_X1
   VELOCITY_Y1
   VELOCITY_Z1
   DISPLACEMENT_X1
   DISPLACEMENT_Y1
   DISPLACEMENT_Z1
 $GEO_TYPE
   POINT DIPZ1-6
 $DAT_TYPE
   TECPLOT
 $TIM_TYPE
   STEPS 1
#OUTPUT
 $NOD_VALUES
   STRAIN_PLS
   PRESSURE1
   STRESS_XX
   STRESS_YY
   STRESS_ZZ
   STRESS_XY
   STRESS_XZ
   STRESS_YZ
   VELOCITY_X1
   VELOCITY_Y1
   VELOCITY_Z1
   DISPLACEMENT_X1
   DISPLACEMENT_Y1
   DISPLACEMENT_Z1
 $GEO_TYPE
   POINT DIPZ1-5
 $DAT_TYPE
   TECPLOT
 $TIM_TYPE
   STEPS 1
#OUTPUT
 $NOD_VALUES
   STRAIN_PLS
   PRESSURE1
   STRESS_XX
   STRESS_YY
   STRESS_ZZ
   STRESS_XY
   STRESS_XZ
   STRESS_YZ
   VELOCITY_X1
   VELOCITY_Y1
   VELOCITY_Z1
   DISPLACEMENT_X1
   DISPLACEMENT_Y1
   DISPLACEMENT_Z1
 $GEO_TYPE
   POINT DIPZ1-4
 $DAT_TYPE
   TECPLOT
 $TIM_TYPE
   STEPS 1
#OUTPUT
 $NOD_VALUES
   STRAIN_PLS
   PRESSURE1
   STRESS_XX
   STRESS_YY
   STRESS_ZZ
   STRESS_XY
   STRESS_XZ
   STRESS_YZ
   VELOCITY_X1
   VELOCITY_Y1
   VELOCITY_Z1
   DISPLACEMENT_X1
   DISPLACEMENT_Y1
   DISPLACEMENT_Z1
 $GEO_TYPE
   POINT DIPZ1-3
 $DAT_TYPE
   TECPLOT
 $TIM_TYPE
   STEPS 1
#OUTPUT
 $NOD_VALUES
   STRAIN_PLS
   PRESSURE1
   STRESS_XX
   STRESS_YY
   STRESS_ZZ
   STRESS_XY
   STRESS_XZ
   STRESS_YZ
   VELOCITY_X1
   VELOCITY_Y1
   VELOCITY_Z1
   DISPLACEMENT_X1
   DISPLACEMENT_Y1
   DISPLACEMENT_Z1
 $GEO_TYPE
   POINT DIPZ1-2
 $DAT_TYPE
   TECPLOT
 $TIM_TYPE
   STEPS 1
#OUTPUT
 $NOD_VALUES
   STRAIN_PLS
   PRESSURE1
   STRESS_XX
   STRESS_YY
   STRESS_ZZ
   STRESS_XY
   STRESS_XZ
   STRESS_YZ
   VELOCITY_X1
   VELOCITY_Y1
   VELOCITY_Z1
   DISPLACEMENT_X1
   DISPLACEMENT_Y1
   DISPLACEMENT_Z1
 $GEO_TYPE
   POINT DIPZ1-1
 $DAT_TYPE
   TECPLOT
 $TIM_TYPE
   STEPS 1
#OUTPUT
 $NOD_VALUES
   STRAIN_PLS
   PRESSURE1
   STRESS_XX
   STRESS_YY
   STRESS_ZZ
   STRESS_XY
   STRESS_XZ
   STRESS_YZ
   VELOCITY_X1
   VELOCITY_Y1
   VELOCITY_Z1
   DISPLACEMENT_X1
   DISPLACEMENT_Y1
   DISPLACEMENT_Z1
 $GEO_TYPE
   POINT DIPZ1-0
 $DAT_TYPE
   TECPLOT
 $TIM_TYPE
   STEPS 1 
#OUTPUT
  $NOD_VALUES
   STRAIN_PLS
   PRESSURE1
   STRESS_XX
   STRESS_YY
   STRESS_ZZ
   STRESS_XY
   STRESS_XZ
   STRESS_YZ
   VELOCITY_X1
   VELOCITY_Y1
   VELOCITY_Z1
   DISPLACEMENT_X1
   DISPLACEMENT_Y1
   DISPLACEMENT_Z1
  $GEO_TYPE
   POLYLINE DIP_Z1
  $DAT_TYPE
   TECPLOT
  $TIM_TYPE
   STEPS 1 
#OUTPUT
  $NOD_VALUES
   STRAIN_PLS
   PRESSURE1
   STRESS_XX
   STRESS_YY
   STRESS_ZZ
   STRESS_XY
   STRESS_XZ
   STRESS_YZ
   VELOCITY_X1
   VELOCITY_Y1
   VELOCITY_Z1
   DISPLACEMENT_X1
   DISPLACEMENT_Y1
   DISPLACEMENT_Z1
  $GEO_TYPE
   POLYLINE STRIKE_X1
  $DAT_TYPE
   TECPLOT
  $TIM_TYPE
   STEPS 1 
#OUTPUT
  $NOD_VALUES
   STRAIN_PLS
   PRESSURE1
   STRESS_XX
   STRESS_YY
   STRESS_ZZ
   STRESS_XY
   STRESS_XZ
   STRESS_YZ
   VELOCITY_X1
   VELOCITY_Y1
   VELOCITY_Z1
   DISPLACEMENT_X1
   DISPLACEMENT_Y1
   DISPLACEMENT_Z1
  $GEO_TYPE
   POLYLINE DIP_Z2
  $DAT_TYPE
   TECPLOT
  $TIM_TYPE
   STEPS 1 
#OUTPUT
  $NOD_VALUES
   STRAIN_PLS
   PRESSURE1
   STRESS_XX
   STRESS_YY
   STRESS_ZZ
   STRESS_XY
   STRESS_XZ
   STRESS_YZ
   VELOCITY_X1
   VELOCITY_Y1
   VELOCITY_Z1
   DISPLACEMENT_X1
   DISPLACEMENT_Y1
   DISPLACEMENT_Z1
  $GEO_TYPE
   POLYLINE STRIKE_X2
  $DAT_TYPE
   TECPLOT
  $TIM_TYPE
   STEPS 1    
#STOP


